Arguments: 
  /Users/belinda/.node/bin/node /Users/belinda/.npm-global/bin/yarn install

PATH: 
  /Users/belinda/.rbenv/shims:/Users/belinda/.rbenv/shims:/Users/belinda/.rbenv/shims:./node_modules/.bin:/Users/belinda/.node/bin:/Users/belinda/.npm-global/bin:/usr/local/bin:/usr/bin:/bin:/usr/sbin:/sbin

Yarn version: 
  1.0.0

Node version: 
  6.8.1

Platform: 
  darwin x64

npm manifest: 
  {
    "name": "nyt-react",
    "version": "0.1.0",
    "private": true,
    "proxy": "http://localhost:3001/",
    "dependencies": {
      "axios": "^0.17.1",
      "react": "^16.1.1",
      "react-dom": "^16.1.1",
      "react-router-dom": "^4.2.2",
      "react-scripts": "^1.0.17"
    },
    "scripts": {
      "start": "react-scripts start",
      "build": "react-scripts build",
      "test": "react-scripts test --env=jsdom",
      "eject": "react-scripts eject"
    }
  }

yarn manifest: 
  No manifest

Lockfile: 
  No lockfile

Trace: 
  Error: https://registry.yarnpkg.com/axios: ETIMEDOUT
      at Timeout._onTimeout (/Users/belinda/.npm-global/lib/node_modules/yarn/lib/cli.js:117940:19)
      at ontimeout (timers.js:365:14)
      at tryOnTimeout (timers.js:237:5)
      at Timer.listOnTimeout (timers.js:207:5)
